2024-05-06 13:44:01,719 - INFO - Downloaded and stored: output_data\yellow_tripdata_2024-01.parquet
2024-05-06 13:44:18,418 - INFO - Downloaded and stored: output_data\yellow_tripdata_2024-02.parquet
2024-05-06 13:44:18,874 - ERROR - Failed to download: https://d37ci6vzurychx.cloudfront.net/trip-data/yellow_tripdata_2024-03.parquet
2024-05-06 13:44:19,334 - ERROR - Failed to download: https://d37ci6vzurychx.cloudfront.net/trip-data/yellow_tripdata_2024-04.parquet
2024-05-06 13:44:19,775 - ERROR - Failed to download: https://d37ci6vzurychx.cloudfront.net/trip-data/yellow_tripdata_2024-05.parquet
2024-05-06 13:44:20,226 - ERROR - Failed to download: https://d37ci6vzurychx.cloudfront.net/trip-data/yellow_tripdata_2024-06.parquet
2024-05-06 13:44:20,688 - ERROR - Failed to download: https://d37ci6vzurychx.cloudfront.net/trip-data/yellow_tripdata_2024-07.parquet
2024-05-06 13:44:21,141 - ERROR - Failed to download: https://d37ci6vzurychx.cloudfront.net/trip-data/yellow_tripdata_2024-08.parquet
2024-05-06 13:44:21,641 - ERROR - Failed to download: https://d37ci6vzurychx.cloudfront.net/trip-data/yellow_tripdata_2024-09.parquet
2024-05-06 13:44:22,094 - ERROR - Failed to download: https://d37ci6vzurychx.cloudfront.net/trip-data/yellow_tripdata_2024-10.parquet
2024-05-06 13:44:22,557 - ERROR - Failed to download: https://d37ci6vzurychx.cloudfront.net/trip-data/yellow_tripdata_2024-11.parquet
2024-05-06 13:44:22,991 - ERROR - Failed to download: https://d37ci6vzurychx.cloudfront.net/trip-data/yellow_tripdata_2024-12.parquet
2024-05-06 13:44:23,493 - ERROR - Failed to download: https://d37ci6vzurychx.cloudfront.net/trip-data/yellow_tripdata_2025-01.parquet
2024-05-06 13:44:23,980 - ERROR - Failed to download: https://d37ci6vzurychx.cloudfront.net/trip-data/yellow_tripdata_2025-02.parquet
2024-05-06 13:44:24,494 - ERROR - Failed to download: https://d37ci6vzurychx.cloudfront.net/trip-data/yellow_tripdata_2025-03.parquet
2024-05-06 13:44:24,661 - ERROR - Failed to download: https://d37ci6vzurychx.cloudfront.net/trip-data/yellow_tripdata_2025-04.parquet
2024-05-06 13:44:24,812 - ERROR - Failed to download: https://d37ci6vzurychx.cloudfront.net/trip-data/yellow_tripdata_2025-05.parquet
2024-05-06 13:44:25,273 - ERROR - Failed to download: https://d37ci6vzurychx.cloudfront.net/trip-data/yellow_tripdata_2025-06.parquet
2024-05-06 13:44:25,781 - ERROR - Failed to download: https://d37ci6vzurychx.cloudfront.net/trip-data/yellow_tripdata_2025-07.parquet
2024-05-06 13:44:26,282 - ERROR - Failed to download: https://d37ci6vzurychx.cloudfront.net/trip-data/yellow_tripdata_2025-08.parquet
2024-05-06 13:44:26,756 - ERROR - Failed to download: https://d37ci6vzurychx.cloudfront.net/trip-data/yellow_tripdata_2025-09.parquet
2024-05-06 13:44:27,252 - ERROR - Failed to download: https://d37ci6vzurychx.cloudfront.net/trip-data/yellow_tripdata_2025-10.parquet
2024-05-06 13:44:27,741 - ERROR - Failed to download: https://d37ci6vzurychx.cloudfront.net/trip-data/yellow_tripdata_2025-11.parquet
2024-05-06 13:44:28,257 - ERROR - Failed to download: https://d37ci6vzurychx.cloudfront.net/trip-data/yellow_tripdata_2025-12.parquet
2024-05-06 13:44:32,008 - INFO - Data appended to Parquet file.
2024-05-06 13:44:33,211 - INFO - Average trip length for each month:
2024-05-06 13:44:33,211 - INFO - 2002-12: 6.03 minutes
2024-05-06 13:44:33,212 - INFO - 2008-12: 11.33 minutes
2024-05-06 13:44:33,212 - INFO - 2009-01: 32.27 minutes
2024-05-06 13:44:33,212 - INFO - 2023-12: 10.16 minutes
2024-05-06 13:44:33,212 - INFO - 2024-01: 15.61 minutes
2024-05-06 13:44:33,213 - INFO - 2024-02: 15.98 minutes
2024-05-06 13:44:33,213 - INFO - 2024-03: 15.24 minutes
2024-05-06 13:44:34,552 - INFO - 45-day rolling average trip length:
2024-05-06 13:44:34,552 - INFO - tpep_pickup_datetime
2002-12-31     6.033333
2008-12-31     8.683333
2009-01-01    16.547222
2023-12-31    14.950000
2024-01-01    15.233666
                ...    
2024-02-26    15.690275
2024-02-27    15.713100
2024-02-28    15.774823
2024-02-29    15.821046
2024-03-01    15.791866
Name: trip_duration, Length: 65, dtype: float64
2024-05-06 13:46:16,951 - INFO - File already exists: output_data\yellow_tripdata_2024-01.parquet
2024-05-06 13:46:16,951 - INFO - File already exists: output_data\yellow_tripdata_2024-02.parquet
2024-05-06 13:46:29,361 - INFO - Data appended to Parquet file.
2024-05-06 13:46:30,410 - INFO - Average trip length for each month:
2024-05-06 13:46:30,410 - INFO - 2002-12: 6.03 minutes
2024-05-06 13:46:30,410 - INFO - 2008-12: 11.33 minutes
2024-05-06 13:46:30,410 - INFO - 2009-01: 32.27 minutes
2024-05-06 13:46:30,410 - INFO - 2023-12: 10.16 minutes
2024-05-06 13:46:30,410 - INFO - 2024-01: 15.61 minutes
2024-05-06 13:46:30,410 - INFO - 2024-02: 15.98 minutes
2024-05-06 13:46:30,410 - INFO - 2024-03: 15.24 minutes
2024-05-06 13:46:31,736 - INFO - 45-day rolling average trip length:
2024-05-06 13:46:31,736 - INFO - tpep_pickup_datetime
2002-12-31     6.033333
2008-12-31     8.683333
2009-01-01    16.547222
2023-12-31    14.950000
2024-01-01    15.233666
                ...    
2024-02-26    15.690275
2024-02-27    15.713100
2024-02-28    15.774823
2024-02-29    15.821046
2024-03-01    15.791866
Name: trip_duration, Length: 65, dtype: float64
2024-05-06 14:14:13,758 - INFO - File already exists: output_data\yellow_tripdata_2024-01.parquet
2024-05-06 14:14:13,758 - INFO - File already exists: output_data\yellow_tripdata_2024-02.parquet
2024-05-06 14:14:25,979 - INFO - Data appended to Parquet file.
2024-05-06 14:14:27,072 - INFO - Average trip length for each month:
2024-05-06 14:14:27,073 - INFO - 2002-12: 6.03 minutes
2024-05-06 14:14:27,073 - INFO - 2008-12: 11.33 minutes
2024-05-06 14:14:27,074 - INFO - 2009-01: 32.27 minutes
2024-05-06 14:14:27,074 - INFO - 2023-12: 10.16 minutes
2024-05-06 14:14:27,075 - INFO - 2024-01: 15.61 minutes
2024-05-06 14:14:27,075 - INFO - 2024-02: 15.98 minutes
2024-05-06 14:14:27,075 - INFO - 2024-03: 15.24 minutes
2024-05-06 14:14:28,527 - INFO - 45-day rolling average trip length:
2024-05-06 14:14:28,527 - INFO - tpep_pickup_datetime
2002-12-31     6.033333
2008-12-31     8.683333
2009-01-01    16.547222
2023-12-31    14.950000
2024-01-01    15.233666
                ...    
2024-02-26    15.690275
2024-02-27    15.713100
2024-02-28    15.774823
2024-02-29    15.821046
2024-03-01    15.791866
Name: trip_duration, Length: 65, dtype: float64
